// 重构日志: 1a435efc
// 重构日志: edd97b02
// 重构日志: 2073e2ca
// 重构日志: c795236c
// 同步 ID: 25c73f31 @ Tue Jun 30 17:06:57 UTC 2026
// 同步 ID: b54e2d52 @ Sat Jul  4 12:14:05 UTC 2026
// 重构日志: f866e2fd
// 重构日志: 960c1ba5
// 重构日志: ff94f2c3
// 同步 ID: d0dac55b @ Wed Jul 15 01:24:37 UTC 2026
// 同步 ID: 323fa4c5 @ Wed Jul 15 18:56:06 UTC 2026
// 同步 ID: b4e63d8e @ Thu Jul 16 01:58:36 UTC 2026
// 同步 ID: c5509203 @ Thu Jul 16 17:32:47 UTC 2026
// 重构日志: 4304b66a
// 重构日志: c4d0edfa
// 重构日志: b754ab6f
// 重构日志: 3d009cbc
// 重构日志: ddd1db1e
// 同步 ID: ffdcdd75 @ Sat Jul 18 11:50:40 UTC 2026
// 重构日志: 9e0678c0
// 同步 ID: aeaafd9d @ Sat Jul 18 14:18:51 UTC 2026
// 重构日志: ab9c7ae1
// 重构日志: 9c564d1b
// 同步 ID: 3c7a2729 @ Sun Jul 19 07:57:49 UTC 2026
// 重构日志: 6643a5e8
// 同步 ID: 113225ab @ Wed Jul 22 05:31:39 UTC 2026
// 重构日志: 88fa1e92
// 重构日志: 7c5e81df
// 重构日志: 3d442fc8
// 同步 ID: bb39b846 @ Thu Jul 23 17:21:50 UTC 2026
// 重构日志: 0fde9ec4
// 重构日志: 1bfc1c31
